<?xml version="1.0" encoding="UTF-8"?>
<!-- Generated by org.testng.reporters.JUnitXMLReporter -->
<testsuite ignored="0" hostname="dPLAP247" failures="0" tests="4" name="Default test" time="8.102" errors="0" timestamp="2023-12-12T18:33:28 IST">
  <testcase classname="api.tests.UserTests" name="testPostUser" time="2.66"/>
  <testcase classname="api.tests.UserTests" name="testGetUser" time="1.187"/>
  <testcase classname="api.tests.UserTests" name="testUpdateUser" time="2.346"/>
  <testcase classname="api.tests.UserTests" name="testDeleteUser" time="1.195"/>
</testsuite> <!-- Default test -->
