<?xml version="1.0" encoding="UTF-8"?>
<testng-results ignored="0" total="13" passed="13" failed="0" skipped="0">
  <reporter-output>
  </reporter-output>
  <suite started-at="2023-12-12T18:38:56 IST" name="PetSuite" finished-at="2023-12-12T18:39:18 IST" duration-ms="21818">
    <groups>
    </groups>
    <test started-at="2023-12-12T18:38:56 IST" name="TestSuite" finished-at="2023-12-12T18:39:18 IST" duration-ms="21818">
      <class name="api.tests.UserTests">
        <test-method is-config="true" signature="setupData()[pri:0, instance:api.tests.UserTests@a514af7]" started-at="2023-12-12T18:38:56 IST" name="setupData" finished-at="2023-12-12T18:38:57 IST" duration-ms="628" status="PASS">
          <reporter-output>
          </reporter-output>
        </test-method> <!-- setupData -->
        <test-method signature="testPostUser()[pri:1, instance:api.tests.UserTests@a514af7]" started-at="2023-12-12T18:38:57 IST" name="testPostUser" finished-at="2023-12-12T18:38:59 IST" duration-ms="2577" status="PASS">
          <reporter-output>
          </reporter-output>
        </test-method> <!-- testPostUser -->
        <test-method signature="testGetUser()[pri:2, instance:api.tests.UserTests@a514af7]" started-at="2023-12-12T18:38:59 IST" name="testGetUser" finished-at="2023-12-12T18:39:01 IST" duration-ms="1224" status="PASS">
          <reporter-output>
          </reporter-output>
        </test-method> <!-- testGetUser -->
        <test-method signature="testUpdateUser()[pri:3, instance:api.tests.UserTests@a514af7]" started-at="2023-12-12T18:39:01 IST" name="testUpdateUser" finished-at="2023-12-12T18:39:03 IST" duration-ms="2459" status="PASS">
          <reporter-output>
          </reporter-output>
        </test-method> <!-- testUpdateUser -->
        <test-method signature="testDeleteUser()[pri:4, instance:api.tests.UserTests@a514af7]" started-at="2023-12-12T18:39:03 IST" name="testDeleteUser" finished-at="2023-12-12T18:39:04 IST" duration-ms="1270" status="PASS">
          <reporter-output>
          </reporter-output>
        </test-method> <!-- testDeleteUser -->
      </class> <!-- api.tests.UserTests -->
      <class name="api.tests.DBDrivenTest">
        <test-method is-config="true" signature="setup()[pri:0, instance:api.tests.DBDrivenTest@6379eb]" started-at="2023-12-12T18:39:04 IST" name="setup" finished-at="2023-12-12T18:39:04 IST" duration-ms="1" status="PASS">
          <reporter-output>
          </reporter-output>
        </test-method> <!-- setup -->
        <test-method signature="testpostUser(java.lang.String,java.lang.String,java.lang.String,java.lang.String,java.lang.String,java.lang.String,java.lang.String,java.lang.String)[pri:1, instance:api.tests.DBDrivenTest@6379eb]" started-at="2023-12-12T18:39:06 IST" name="testpostUser" data-provider="Data" finished-at="2023-12-12T18:39:07 IST" duration-ms="1116" status="PASS">
          <params>
            <param index="0">
              <value>
                <![CDATA[1001]]>
              </value>
            </param>
            <param index="1">
              <value>
                <![CDATA[uname1]]>
              </value>
            </param>
            <param index="2">
              <value>
                <![CDATA[fname1]]>
              </value>
            </param>
            <param index="3">
              <value>
                <![CDATA[lname1]]>
              </value>
            </param>
            <param index="4">
              <value>
                <![CDATA[lname@gmail.com]]>
              </value>
            </param>
            <param index="5">
              <value>
                <![CDATA[123456]]>
              </value>
            </param>
            <param index="6">
              <value>
                <![CDATA[1234567890]]>
              </value>
            </param>
            <param index="7">
              <value>
                <![CDATA[1]]>
              </value>
            </param>
          </params>
          <reporter-output>
          </reporter-output>
        </test-method> <!-- testpostUser -->
        <test-method signature="testpostUser(java.lang.String,java.lang.String,java.lang.String,java.lang.String,java.lang.String,java.lang.String,java.lang.String,java.lang.String)[pri:1, instance:api.tests.DBDrivenTest@6379eb]" started-at="2023-12-12T18:39:07 IST" name="testpostUser" data-provider="Data" finished-at="2023-12-12T18:39:08 IST" duration-ms="1223" status="PASS">
          <params>
            <param index="0">
              <value>
                <![CDATA[1002]]>
              </value>
            </param>
            <param index="1">
              <value>
                <![CDATA[uname2]]>
              </value>
            </param>
            <param index="2">
              <value>
                <![CDATA[fname2]]>
              </value>
            </param>
            <param index="3">
              <value>
                <![CDATA[lname2]]>
              </value>
            </param>
            <param index="4">
              <value>
                <![CDATA[lname2@gmail.com]]>
              </value>
            </param>
            <param index="5">
              <value>
                <![CDATA[345623]]>
              </value>
            </param>
            <param index="6">
              <value>
                <![CDATA[1234567890]]>
              </value>
            </param>
            <param index="7">
              <value>
                <![CDATA[0]]>
              </value>
            </param>
          </params>
          <reporter-output>
          </reporter-output>
        </test-method> <!-- testpostUser -->
        <test-method signature="testpostUser(java.lang.String,java.lang.String,java.lang.String,java.lang.String,java.lang.String,java.lang.String,java.lang.String,java.lang.String)[pri:1, instance:api.tests.DBDrivenTest@6379eb]" started-at="2023-12-12T18:39:08 IST" name="testpostUser" data-provider="Data" finished-at="2023-12-12T18:39:10 IST" duration-ms="1233" status="PASS">
          <params>
            <param index="0">
              <value>
                <![CDATA[1003]]>
              </value>
            </param>
            <param index="1">
              <value>
                <![CDATA[uname3]]>
              </value>
            </param>
            <param index="2">
              <value>
                <![CDATA[fname3]]>
              </value>
            </param>
            <param index="3">
              <value>
                <![CDATA[lname3]]>
              </value>
            </param>
            <param index="4">
              <value>
                <![CDATA[lname3@gmail.com]]>
              </value>
            </param>
            <param index="5">
              <value>
                <![CDATA[342ssdw]]>
              </value>
            </param>
            <param index="6">
              <value>
                <![CDATA[3453211232]]>
              </value>
            </param>
            <param index="7">
              <value>
                <![CDATA[1]]>
              </value>
            </param>
          </params>
          <reporter-output>
          </reporter-output>
        </test-method> <!-- testpostUser -->
        <test-method signature="testGetUser(java.lang.String)[pri:2, instance:api.tests.DBDrivenTest@6379eb]" started-at="2023-12-12T18:39:10 IST" name="testGetUser" data-provider="UserName" finished-at="2023-12-12T18:39:11 IST" duration-ms="1248" status="PASS">
          <params>
            <param index="0">
              <value>
                <![CDATA[uname1]]>
              </value>
            </param>
          </params>
          <reporter-output>
          </reporter-output>
        </test-method> <!-- testGetUser -->
        <test-method signature="testGetUser(java.lang.String)[pri:2, instance:api.tests.DBDrivenTest@6379eb]" started-at="2023-12-12T18:39:11 IST" name="testGetUser" data-provider="UserName" finished-at="2023-12-12T18:39:12 IST" duration-ms="1243" status="PASS">
          <params>
            <param index="0">
              <value>
                <![CDATA[uname2]]>
              </value>
            </param>
          </params>
          <reporter-output>
          </reporter-output>
        </test-method> <!-- testGetUser -->
        <test-method signature="testGetUser(java.lang.String)[pri:2, instance:api.tests.DBDrivenTest@6379eb]" started-at="2023-12-12T18:39:12 IST" name="testGetUser" data-provider="UserName" finished-at="2023-12-12T18:39:14 IST" duration-ms="1789" status="PASS">
          <params>
            <param index="0">
              <value>
                <![CDATA[uname3]]>
              </value>
            </param>
          </params>
          <reporter-output>
          </reporter-output>
        </test-method> <!-- testGetUser -->
        <test-method signature="testDeleteUser(java.lang.String)[pri:3, instance:api.tests.DBDrivenTest@6379eb]" started-at="2023-12-12T18:39:14 IST" name="testDeleteUser" data-provider="UserName" finished-at="2023-12-12T18:39:15 IST" duration-ms="1185" status="PASS">
          <params>
            <param index="0">
              <value>
                <![CDATA[uname1]]>
              </value>
            </param>
          </params>
          <reporter-output>
          </reporter-output>
        </test-method> <!-- testDeleteUser -->
        <test-method signature="testDeleteUser(java.lang.String)[pri:3, instance:api.tests.DBDrivenTest@6379eb]" started-at="2023-12-12T18:39:15 IST" name="testDeleteUser" data-provider="UserName" finished-at="2023-12-12T18:39:17 IST" duration-ms="1218" status="PASS">
          <params>
            <param index="0">
              <value>
                <![CDATA[uname2]]>
              </value>
            </param>
          </params>
          <reporter-output>
          </reporter-output>
        </test-method> <!-- testDeleteUser -->
        <test-method signature="testDeleteUser(java.lang.String)[pri:3, instance:api.tests.DBDrivenTest@6379eb]" started-at="2023-12-12T18:39:17 IST" name="testDeleteUser" data-provider="UserName" finished-at="2023-12-12T18:39:18 IST" duration-ms="1219" status="PASS">
          <params>
            <param index="0">
              <value>
                <![CDATA[uname3]]>
              </value>
            </param>
          </params>
          <reporter-output>
          </reporter-output>
        </test-method> <!-- testDeleteUser -->
      </class> <!-- api.tests.DBDrivenTest -->
    </test> <!-- TestSuite -->
  </suite> <!-- PetSuite -->
</testng-results>
