<?xml version="1.0" encoding="UTF-8"?>
<!-- Generated by org.testng.reporters.JUnitXMLReporter -->
<testsuite ignored="0" hostname="dPLAP247" failures="0" tests="13" name="TestSuite" time="21.818" errors="0" timestamp="2023-12-12T18:39:18 IST">
  <testcase classname="api.tests.UserTests" name="testPostUser" time="2.577"/>
  <testcase classname="api.tests.UserTests" name="testGetUser" time="1.224"/>
  <testcase classname="api.tests.UserTests" name="testUpdateUser" time="2.459"/>
  <testcase classname="api.tests.UserTests" name="testDeleteUser" time="1.27"/>
  <testcase classname="api.tests.DBDrivenTest" name="testpostUser" time="1.116"/>
  <testcase classname="api.tests.DBDrivenTest" name="testpostUser" time="1.223"/>
  <testcase classname="api.tests.DBDrivenTest" name="testpostUser" time="1.233"/>
  <testcase classname="api.tests.DBDrivenTest" name="testGetUser" time="1.248"/>
  <testcase classname="api.tests.DBDrivenTest" name="testGetUser" time="1.243"/>
  <testcase classname="api.tests.DBDrivenTest" name="testGetUser" time="1.789"/>
  <testcase classname="api.tests.DBDrivenTest" name="testDeleteUser" time="1.185"/>
  <testcase classname="api.tests.DBDrivenTest" name="testDeleteUser" time="1.218"/>
  <testcase classname="api.tests.DBDrivenTest" name="testDeleteUser" time="1.219"/>
</testsuite> <!-- TestSuite -->
